<?xml version="1.0" encoding="UTF-8"?>
<testsuite xmlns:xsi="http://www.w3.org/2001/XMLSchema-instance" xsi:noNamespaceSchemaLocation="https://maven.apache.org/surefire/maven-surefire-plugin/xsd/surefire-test-report.xsd" name="com.database.bpo.BpoApplicationTests" time="2.81" tests="1" errors="0" skipped="0" failures="0">
  <properties>
    <property name="sun.desktop" value="windows"/>
    <property name="awt.toolkit" value="sun.awt.windows.WToolkit"/>
    <property name="file.encoding.pkg" value="sun.io"/>
    <property name="java.specification.version" value="1.8"/>
    <property name="sun.cpu.isalist" value="amd64"/>
    <property name="sun.jnu.encoding" value="GBK"/>
    <property name="java.class.path" value="D:\MyStudySpace\BPO\bpo_2\target\test-classes;D:\MyStudySpace\BPO\bpo_2\target\classes;D:\Program Files\Maven_Repository\org\springframework\boot\spring-boot-starter-web\2.4.1\spring-boot-starter-web-2.4.1.jar;D:\Program Files\Maven_Repository\org\springframework\boot\spring-boot-starter\2.4.1\spring-boot-starter-2.4.1.jar;D:\Program Files\Maven_Repository\org\springframework\boot\spring-boot\2.4.1\spring-boot-2.4.1.jar;D:\Program Files\Maven_Repository\org\springframework\boot\spring-boot-autoconfigure\2.4.1\spring-boot-autoconfigure-2.4.1.jar;D:\Program Files\Maven_Repository\org\springframework\boot\spring-boot-starter-logging\2.4.1\spring-boot-starter-logging-2.4.1.jar;D:\Program Files\Maven_Repository\ch\qos\logback\logback-classic\1.2.3\logback-classic-1.2.3.jar;D:\Program Files\Maven_Repository\ch\qos\logback\logback-core\1.2.3\logback-core-1.2.3.jar;D:\Program Files\Maven_Repository\org\apache\logging\log4j\log4j-to-slf4j\2.13.3\log4j-to-slf4j-2.13.3.jar;D:\Program Files\Maven_Repository\org\apache\logging\log4j\log4j-api\2.13.3\log4j-api-2.13.3.jar;D:\Program Files\Maven_Repository\org\slf4j\jul-to-slf4j\1.7.30\jul-to-slf4j-1.7.30.jar;D:\Program Files\Maven_Repository\jakarta\annotation\jakarta.annotation-api\1.3.5\jakarta.annotation-api-1.3.5.jar;D:\Program Files\Maven_Repository\org\yaml\snakeyaml\1.27\snakeyaml-1.27.jar;D:\Program Files\Maven_Repository\org\springframework\boot\spring-boot-starter-json\2.4.1\spring-boot-starter-json-2.4.1.jar;D:\Program Files\Maven_Repository\com\fasterxml\jackson\core\jackson-databind\2.11.3\jackson-databind-2.11.3.jar;D:\Program Files\Maven_Repository\com\fasterxml\jackson\core\jackson-annotations\2.11.3\jackson-annotations-2.11.3.jar;D:\Program Files\Maven_Repository\com\fasterxml\jackson\core\jackson-core\2.11.3\jackson-core-2.11.3.jar;D:\Program Files\Maven_Repository\com\fasterxml\jackson\datatype\jackson-datatype-jdk8\2.11.3\jackson-datatype-jdk8-2.11.3.jar;D:\Program Files\Maven_Repository\com\fasterxml\jackson\datatype\jackson-datatype-jsr310\2.11.3\jackson-datatype-jsr310-2.11.3.jar;D:\Program Files\Maven_Repository\com\fasterxml\jackson\module\jackson-module-parameter-names\2.11.3\jackson-module-parameter-names-2.11.3.jar;D:\Program Files\Maven_Repository\org\springframework\boot\spring-boot-starter-tomcat\2.4.1\spring-boot-starter-tomcat-2.4.1.jar;D:\Program Files\Maven_Repository\org\apache\tomcat\embed\tomcat-embed-core\9.0.41\tomcat-embed-core-9.0.41.jar;D:\Program Files\Maven_Repository\org\glassfish\jakarta.el\3.0.3\jakarta.el-3.0.3.jar;D:\Program Files\Maven_Repository\org\apache\tomcat\embed\tomcat-embed-websocket\9.0.41\tomcat-embed-websocket-9.0.41.jar;D:\Program Files\Maven_Repository\org\springframework\spring-web\5.3.2\spring-web-5.3.2.jar;D:\Program Files\Maven_Repository\org\springframework\spring-beans\5.3.2\spring-beans-5.3.2.jar;D:\Program Files\Maven_Repository\org\springframework\spring-webmvc\5.3.2\spring-webmvc-5.3.2.jar;D:\Program Files\Maven_Repository\org\springframework\spring-aop\5.3.2\spring-aop-5.3.2.jar;D:\Program Files\Maven_Repository\org\springframework\spring-context\5.3.2\spring-context-5.3.2.jar;D:\Program Files\Maven_Repository\org\springframework\spring-expression\5.3.2\spring-expression-5.3.2.jar;D:\Program Files\Maven_Repository\org\springframework\boot\spring-boot-starter-test\2.4.1\spring-boot-starter-test-2.4.1.jar;D:\Program Files\Maven_Repository\org\springframework\boot\spring-boot-test\2.4.1\spring-boot-test-2.4.1.jar;D:\Program Files\Maven_Repository\org\springframework\boot\spring-boot-test-autoconfigure\2.4.1\spring-boot-test-autoconfigure-2.4.1.jar;D:\Program Files\Maven_Repository\com\jayway\jsonpath\json-path\2.4.0\json-path-2.4.0.jar;D:\Program Files\Maven_Repository\net\minidev\json-smart\2.3\json-smart-2.3.jar;D:\Program Files\Maven_Repository\net\minidev\accessors-smart\1.2\accessors-smart-1.2.jar;D:\Program Files\Maven_Repository\org\ow2\asm\asm\5.0.4\asm-5.0.4.jar;D:\Program Files\Maven_Repository\org\slf4j\slf4j-api\1.7.30\slf4j-api-1.7.30.jar;D:\Program Files\Maven_Repository\jakarta\xml\bind\jakarta.xml.bind-api\2.3.3\jakarta.xml.bind-api-2.3.3.jar;D:\Program Files\Maven_Repository\jakarta\activation\jakarta.activation-api\1.2.2\jakarta.activation-api-1.2.2.jar;D:\Program Files\Maven_Repository\org\assertj\assertj-core\3.18.1\assertj-core-3.18.1.jar;D:\Program Files\Maven_Repository\org\hamcrest\hamcrest\2.2\hamcrest-2.2.jar;D:\Program Files\Maven_Repository\org\junit\jupiter\junit-jupiter\5.7.0\junit-jupiter-5.7.0.jar;D:\Program Files\Maven_Repository\org\junit\jupiter\junit-jupiter-api\5.7.0\junit-jupiter-api-5.7.0.jar;D:\Program Files\Maven_Repository\org\apiguardian\apiguardian-api\1.1.0\apiguardian-api-1.1.0.jar;D:\Program Files\Maven_Repository\org\opentest4j\opentest4j\1.2.0\opentest4j-1.2.0.jar;D:\Program Files\Maven_Repository\org\junit\platform\junit-platform-commons\1.7.0\junit-platform-commons-1.7.0.jar;D:\Program Files\Maven_Repository\org\junit\jupiter\junit-jupiter-params\5.7.0\junit-jupiter-params-5.7.0.jar;D:\Program Files\Maven_Repository\org\junit\jupiter\junit-jupiter-engine\5.7.0\junit-jupiter-engine-5.7.0.jar;D:\Program Files\Maven_Repository\org\junit\platform\junit-platform-engine\1.7.0\junit-platform-engine-1.7.0.jar;D:\Program Files\Maven_Repository\org\mockito\mockito-core\3.6.28\mockito-core-3.6.28.jar;D:\Program Files\Maven_Repository\net\bytebuddy\byte-buddy\1.10.18\byte-buddy-1.10.18.jar;D:\Program Files\Maven_Repository\net\bytebuddy\byte-buddy-agent\1.10.18\byte-buddy-agent-1.10.18.jar;D:\Program Files\Maven_Repository\org\objenesis\objenesis\3.1\objenesis-3.1.jar;D:\Program Files\Maven_Repository\org\mockito\mockito-junit-jupiter\3.6.28\mockito-junit-jupiter-3.6.28.jar;D:\Program Files\Maven_Repository\org\skyscreamer\jsonassert\1.5.0\jsonassert-1.5.0.jar;D:\Program Files\Maven_Repository\com\vaadin\external\google\android-json\0.0.20131108.vaadin1\android-json-0.0.20131108.vaadin1.jar;D:\Program Files\Maven_Repository\org\springframework\spring-core\5.3.2\spring-core-5.3.2.jar;D:\Program Files\Maven_Repository\org\springframework\spring-jcl\5.3.2\spring-jcl-5.3.2.jar;D:\Program Files\Maven_Repository\org\springframework\spring-test\5.3.2\spring-test-5.3.2.jar;D:\Program Files\Maven_Repository\org\xmlunit\xmlunit-core\2.7.0\xmlunit-core-2.7.0.jar;"/>
    <property name="java.vm.vendor" value="Oracle Corporation"/>
    <property name="sun.arch.data.model" value="64"/>
    <property name="user.variant" value=""/>
    <property name="java.vendor.url" value="http://java.oracle.com/"/>
    <property name="user.timezone" value="Asia/Shanghai"/>
    <property name="java.vm.specification.version" value="1.8"/>
    <property name="os.name" value="Windows 10"/>
    <property name="user.country" value="CN"/>
    <property name="sun.java.launcher" value="SUN_STANDARD"/>
    <property name="sun.boot.library.path" value="D:\Program Files\Java\jdk1.8.0_211\jre\bin"/>
    <property name="sun.java.command" value="C:\Users\crazy18\AppData\Local\Temp\surefire3705506860089564706\surefirebooter7958442702921127724.jar C:\Users\crazy18\AppData\Local\Temp\surefire3705506860089564706 2020-12-17T16-17-21_537-jvmRun1 surefire3081818074898623400tmp surefire_04641297485668642629tmp"/>
    <property name="surefire.test.class.path" value="D:\MyStudySpace\BPO\bpo_2\target\test-classes;D:\MyStudySpace\BPO\bpo_2\target\classes;D:\Program Files\Maven_Repository\org\springframework\boot\spring-boot-starter-web\2.4.1\spring-boot-starter-web-2.4.1.jar;D:\Program Files\Maven_Repository\org\springframework\boot\spring-boot-starter\2.4.1\spring-boot-starter-2.4.1.jar;D:\Program Files\Maven_Repository\org\springframework\boot\spring-boot\2.4.1\spring-boot-2.4.1.jar;D:\Program Files\Maven_Repository\org\springframework\boot\spring-boot-autoconfigure\2.4.1\spring-boot-autoconfigure-2.4.1.jar;D:\Program Files\Maven_Repository\org\springframework\boot\spring-boot-starter-logging\2.4.1\spring-boot-starter-logging-2.4.1.jar;D:\Program Files\Maven_Repository\ch\qos\logback\logback-classic\1.2.3\logback-classic-1.2.3.jar;D:\Program Files\Maven_Repository\ch\qos\logback\logback-core\1.2.3\logback-core-1.2.3.jar;D:\Program Files\Maven_Repository\org\apache\logging\log4j\log4j-to-slf4j\2.13.3\log4j-to-slf4j-2.13.3.jar;D:\Program Files\Maven_Repository\org\apache\logging\log4j\log4j-api\2.13.3\log4j-api-2.13.3.jar;D:\Program Files\Maven_Repository\org\slf4j\jul-to-slf4j\1.7.30\jul-to-slf4j-1.7.30.jar;D:\Program Files\Maven_Repository\jakarta\annotation\jakarta.annotation-api\1.3.5\jakarta.annotation-api-1.3.5.jar;D:\Program Files\Maven_Repository\org\yaml\snakeyaml\1.27\snakeyaml-1.27.jar;D:\Program Files\Maven_Repository\org\springframework\boot\spring-boot-starter-json\2.4.1\spring-boot-starter-json-2.4.1.jar;D:\Program Files\Maven_Repository\com\fasterxml\jackson\core\jackson-databind\2.11.3\jackson-databind-2.11.3.jar;D:\Program Files\Maven_Repository\com\fasterxml\jackson\core\jackson-annotations\2.11.3\jackson-annotations-2.11.3.jar;D:\Program Files\Maven_Repository\com\fasterxml\jackson\core\jackson-core\2.11.3\jackson-core-2.11.3.jar;D:\Program Files\Maven_Repository\com\fasterxml\jackson\datatype\jackson-datatype-jdk8\2.11.3\jackson-datatype-jdk8-2.11.3.jar;D:\Program Files\Maven_Repository\com\fasterxml\jackson\datatype\jackson-datatype-jsr310\2.11.3\jackson-datatype-jsr310-2.11.3.jar;D:\Program Files\Maven_Repository\com\fasterxml\jackson\module\jackson-module-parameter-names\2.11.3\jackson-module-parameter-names-2.11.3.jar;D:\Program Files\Maven_Repository\org\springframework\boot\spring-boot-starter-tomcat\2.4.1\spring-boot-starter-tomcat-2.4.1.jar;D:\Program Files\Maven_Repository\org\apache\tomcat\embed\tomcat-embed-core\9.0.41\tomcat-embed-core-9.0.41.jar;D:\Program Files\Maven_Repository\org\glassfish\jakarta.el\3.0.3\jakarta.el-3.0.3.jar;D:\Program Files\Maven_Repository\org\apache\tomcat\embed\tomcat-embed-websocket\9.0.41\tomcat-embed-websocket-9.0.41.jar;D:\Program Files\Maven_Repository\org\springframework\spring-web\5.3.2\spring-web-5.3.2.jar;D:\Program Files\Maven_Repository\org\springframework\spring-beans\5.3.2\spring-beans-5.3.2.jar;D:\Program Files\Maven_Repository\org\springframework\spring-webmvc\5.3.2\spring-webmvc-5.3.2.jar;D:\Program Files\Maven_Repository\org\springframework\spring-aop\5.3.2\spring-aop-5.3.2.jar;D:\Program Files\Maven_Repository\org\springframework\spring-context\5.3.2\spring-context-5.3.2.jar;D:\Program Files\Maven_Repository\org\springframework\spring-expression\5.3.2\spring-expression-5.3.2.jar;D:\Program Files\Maven_Repository\org\springframework\boot\spring-boot-starter-test\2.4.1\spring-boot-starter-test-2.4.1.jar;D:\Program Files\Maven_Repository\org\springframework\boot\spring-boot-test\2.4.1\spring-boot-test-2.4.1.jar;D:\Program Files\Maven_Repository\org\springframework\boot\spring-boot-test-autoconfigure\2.4.1\spring-boot-test-autoconfigure-2.4.1.jar;D:\Program Files\Maven_Repository\com\jayway\jsonpath\json-path\2.4.0\json-path-2.4.0.jar;D:\Program Files\Maven_Repository\net\minidev\json-smart\2.3\json-smart-2.3.jar;D:\Program Files\Maven_Repository\net\minidev\accessors-smart\1.2\accessors-smart-1.2.jar;D:\Program Files\Maven_Repository\org\ow2\asm\asm\5.0.4\asm-5.0.4.jar;D:\Program Files\Maven_Repository\org\slf4j\slf4j-api\1.7.30\slf4j-api-1.7.30.jar;D:\Program Files\Maven_Repository\jakarta\xml\bind\jakarta.xml.bind-api\2.3.3\jakarta.xml.bind-api-2.3.3.jar;D:\Program Files\Maven_Repository\jakarta\activation\jakarta.activation-api\1.2.2\jakarta.activation-api-1.2.2.jar;D:\Program Files\Maven_Repository\org\assertj\assertj-core\3.18.1\assertj-core-3.18.1.jar;D:\Program Files\Maven_Repository\org\hamcrest\hamcrest\2.2\hamcrest-2.2.jar;D:\Program Files\Maven_Repository\org\junit\jupiter\junit-jupiter\5.7.0\junit-jupiter-5.7.0.jar;D:\Program Files\Maven_Repository\org\junit\jupiter\junit-jupiter-api\5.7.0\junit-jupiter-api-5.7.0.jar;D:\Program Files\Maven_Repository\org\apiguardian\apiguardian-api\1.1.0\apiguardian-api-1.1.0.jar;D:\Program Files\Maven_Repository\org\opentest4j\opentest4j\1.2.0\opentest4j-1.2.0.jar;D:\Program Files\Maven_Repository\org\junit\platform\junit-platform-commons\1.7.0\junit-platform-commons-1.7.0.jar;D:\Program Files\Maven_Repository\org\junit\jupiter\junit-jupiter-params\5.7.0\junit-jupiter-params-5.7.0.jar;D:\Program Files\Maven_Repository\org\junit\jupiter\junit-jupiter-engine\5.7.0\junit-jupiter-engine-5.7.0.jar;D:\Program Files\Maven_Repository\org\junit\platform\junit-platform-engine\1.7.0\junit-platform-engine-1.7.0.jar;D:\Program Files\Maven_Repository\org\mockito\mockito-core\3.6.28\mockito-core-3.6.28.jar;D:\Program Files\Maven_Repository\net\bytebuddy\byte-buddy\1.10.18\byte-buddy-1.10.18.jar;D:\Program Files\Maven_Repository\net\bytebuddy\byte-buddy-agent\1.10.18\byte-buddy-agent-1.10.18.jar;D:\Program Files\Maven_Repository\org\objenesis\objenesis\3.1\objenesis-3.1.jar;D:\Program Files\Maven_Repository\org\mockito\mockito-junit-jupiter\3.6.28\mockito-junit-jupiter-3.6.28.jar;D:\Program Files\Maven_Repository\org\skyscreamer\jsonassert\1.5.0\jsonassert-1.5.0.jar;D:\Program Files\Maven_Repository\com\vaadin\external\google\android-json\0.0.20131108.vaadin1\android-json-0.0.20131108.vaadin1.jar;D:\Program Files\Maven_Repository\org\springframework\spring-core\5.3.2\spring-core-5.3.2.jar;D:\Program Files\Maven_Repository\org\springframework\spring-jcl\5.3.2\spring-jcl-5.3.2.jar;D:\Program Files\Maven_Repository\org\springframework\spring-test\5.3.2\spring-test-5.3.2.jar;D:\Program Files\Maven_Repository\org\xmlunit\xmlunit-core\2.7.0\xmlunit-core-2.7.0.jar;"/>
    <property name="sun.cpu.endian" value="little"/>
    <property name="user.home" value="C:\Users\crazy18"/>
    <property name="user.language" value="zh"/>
    <property name="java.specification.vendor" value="Oracle Corporation"/>
    <property name="java.home" value="D:\Program Files\Java\jdk1.8.0_211\jre"/>
    <property name="basedir" value="D:\MyStudySpace\BPO\bpo_2"/>
    <property name="file.separator" value="\"/>
    <property name="line.separator" value="&#10;"/>
    <property name="java.vm.specification.vendor" value="Oracle Corporation"/>
    <property name="java.specification.name" value="Java Platform API Specification"/>
    <property name="java.awt.graphicsenv" value="sun.awt.Win32GraphicsEnvironment"/>
    <property name="surefire.real.class.path" value="C:\Users\crazy18\AppData\Local\Temp\surefire3705506860089564706\surefirebooter7958442702921127724.jar"/>
    <property name="sun.boot.class.path" value="D:\Program Files\Java\jdk1.8.0_211\jre\lib\resources.jar;D:\Program Files\Java\jdk1.8.0_211\jre\lib\rt.jar;D:\Program Files\Java\jdk1.8.0_211\jre\lib\sunrsasign.jar;D:\Program Files\Java\jdk1.8.0_211\jre\lib\jsse.jar;D:\Program Files\Java\jdk1.8.0_211\jre\lib\jce.jar;D:\Program Files\Java\jdk1.8.0_211\jre\lib\charsets.jar;D:\Program Files\Java\jdk1.8.0_211\jre\lib\jfr.jar;D:\Program Files\Java\jdk1.8.0_211\jre\classes"/>
    <property name="user.script" value=""/>
    <property name="sun.management.compiler" value="HotSpot 64-Bit Tiered Compilers"/>
    <property name="java.runtime.version" value="1.8.0_211-b12"/>
    <property name="user.name" value="crazy18"/>
    <property name="path.separator" value=";"/>
    <property name="os.version" value="10.0"/>
    <property name="java.endorsed.dirs" value="D:\Program Files\Java\jdk1.8.0_211\jre\lib\endorsed"/>
    <property name="java.runtime.name" value="Java(TM) SE Runtime Environment"/>
    <property name="file.encoding" value="GBK"/>
    <property name="java.vm.name" value="Java HotSpot(TM) 64-Bit Server VM"/>
    <property name="localRepository" value="D:\Program Files\Maven_Repository"/>
    <property name="java.vendor.url.bug" value="http://bugreport.sun.com/bugreport/"/>
    <property name="java.io.tmpdir" value="C:\Users\crazy18\AppData\Local\Temp\"/>
    <property name="idea.version" value="2020.3"/>
    <property name="java.version" value="1.8.0_211"/>
    <property name="user.dir" value="D:\MyStudySpace\BPO\bpo_2"/>
    <property name="os.arch" value="amd64"/>
    <property name="java.vm.specification.name" value="Java Virtual Machine Specification"/>
    <property name="java.awt.printerjob" value="sun.awt.windows.WPrinterJob"/>
    <property name="sun.os.patch.level" value=""/>
    <property name="java.library.path" value="D:\Program Files\Java\jdk1.8.0_211\jre\bin;C:\Windows\Sun\Java\bin;C:\Windows\system32;C:\Windows;C:\Program Files\MySQL\MySQL Server 5.7\bin;C:\Program Files (x86)\NetSarang\Xshell 6\;C:\Windows\system32;C:\Windows;C:\Windows\System32\Wbem;C:\Windows\System32\WindowsPowerShell\v1.0\;C:\Windows\System32\OpenSSH\;C:\Program Files\NVIDIA Corporation\NVIDIA NvDLISR;C:\Program Files (x86)\NVIDIA Corporation\PhysX\Common;C:\Program Files\dotnet\;C:\Program Files\Microsoft SQL Server\130\Tools\Binn\;C:\Program Files\MySQL\MySQL Utilities 1.6\;C:\Program Files\Microsoft SQL Server\120\DTS\Binn\;C:\Program Files\Microsoft SQL Server\Client SDK\ODBC\110\Tools\Binn\;C:\Program Files (x86)\Microsoft SQL Server\120\Tools\Binn\;C:\Program Files\Microsoft SQL Server\120\Tools\Binn\;C:\Program Files (x86)\Microsoft SQL Server\120\Tools\Binn\ManagementStudio\;C:\Program Files (x86)\Microsoft SQL Server\120\DTS\Binn\;D:\Program Files\apache-tomcat-9.0.40\apache-tomcat-9.0.40\bin;C:\Program Files (x86)\dotnet\;D:\Program Files\apache-maven-3.6.3\bin;D:\Program Files\Java\jdk1.8.0_211\bin;D:\Program Files\nodejs\;D:\Program Files\Git\bin;D:\Program Files\Git\mingw64\libexec\git-core;D:\Program Files\Python\Python3\Scripts\;D:\Program Files\Python\Python3\;C:\Users\crazy18\AppData\Local\Microsoft\WindowsApps;C:\Program Files\Bandizip\;C:\Users\crazy18\.dotnet\tools;D:\Program Files\Microsoft VS Code\bin;C:\Users\crazy18\AppData\Local\GitHubDesktop\bin;C:\Users\crazy18\AppData\Roaming\npm;."/>
    <property name="java.vm.info" value="mixed mode"/>
    <property name="java.vendor" value="Oracle Corporation"/>
    <property name="java.vm.version" value="25.211-b12"/>
    <property name="java.ext.dirs" value="D:\Program Files\Java\jdk1.8.0_211\jre\lib\ext;C:\Windows\Sun\Java\lib\ext"/>
    <property name="sun.io.unicode.encoding" value="UnicodeLittle"/>
    <property name="maven.repo.local" value="D:\Program Files\Maven_Repository"/>
    <property name="java.class.version" value="52.0"/>
  </properties>
  <testcase name="contextLoads" classname="com.database.bpo.BpoApplicationTests" time="0.247"/>
</testsuite>